#
# A fatal error has been detected by the Java Runtime Environment:
#
#  EXCEPTION_ACCESS_VIOLATION (0xc0000005) at pc=0x00007ffc9fe5c6f9, pid=7796, tid=5512
#
# JRE version: OpenJDK Runtime Environment (11.0.10) (build 11.0.10+0-b96-7249189)
# Java VM: OpenJDK 64-Bit Server VM (11.0.10+0-b96-7249189, mixed mode, tiered, compressed oops, g1 gc, windows-amd64)
# Problematic frame:
# C  [native-platform-file-events.dll+0x1c6f9]
#
# No core dump will be written. Minidumps are not enabled by default on client versions of Windows
#
# If you would like to submit a bug report, please visit:
#   https://bugreport.java.com/bugreport/crash.jsp
# The crash happened outside the Java Virtual Machine in native code.
# See problematic frame for where to report the bug.
#

---------------  S U M M A R Y ------------

Command Line: --add-opens=java.base/java.util=ALL-UNNAMED --add-opens=java.base/java.lang=ALL-UNNAMED --add-opens=java.base/java.lang.invoke=ALL-UNNAMED --add-opens=java.base/java.util=ALL-UNNAMED --add-opens=java.prefs/java.util.prefs=ALL-UNNAMED --add-opens=java.prefs/java.util.prefs=ALL-UNNAMED --add-opens=java.base/java.nio.charset=ALL-UNNAMED --add-opens=java.base/java.net=ALL-UNNAMED --add-opens=java.base/java.util.concurrent.atomic=ALL-UNNAMED -Xmx2048m -Dfile.encoding=UTF-8 -Duser.country=RU -Duser.language=ru -Duser.variant org.gradle.launcher.daemon.bootstrap.GradleDaemon 7.0.2

Host: Intel(R) Core(TM) i5-8600K CPU @ 3.60GHz, 6 cores, 7G,  Windows 10 , 64 bit Build 17763 (10.0.17763.2145)
Time: Fri Oct 15 12:30:50 2021 Iiaineae?neia noaiaa?oiia a?aiy elapsed time: 6.838232 seconds (0d 0h 0m 6s)

---------------  T H R E A D  ---------------

Current thread (0x0000018cb0274000):  JavaThread "File watcher server" daemon [_thread_in_native, id=5512, stack(0x0000008bc6b00000,0x0000008bc6c00000)]

Stack: [0x0000008bc6b00000,0x0000008bc6c00000],  sp=0x0000008bc6bfe8b0,  free space=1018k
Native frames: (J=compiled Java code, j=interpreted, Vv=VM code, C=native code)
C  [native-platform-file-events.dll+0x1c6f9]

Java frames: (J=compiled Java code, j=interpreted, Vv=VM code)
j  net.rubygrapefruit.platform.internal.jni.AbstractFileEventFunctions$NativeFileWatcher.executeRunLoop0(Ljava/lang/Object;)V+0
j  net.rubygrapefruit.platform.internal.jni.AbstractFileEventFunctions$NativeFileWatcher.access$100(Lnet/rubygrapefruit/platform/internal/jni/AbstractFileEventFunctions$NativeFileWatcher;Ljava/lang/Object;)V+2
j  net.rubygrapefruit.platform.internal.jni.AbstractFileEventFunctions$NativeFileWatcher$1.run()V+26
v  ~StubRoutines::call_stub

siginfo: EXCEPTION_ACCESS_VIOLATION (0xc0000005), reading address 0xffffffffffffffff


Register to memory mapping:

RIP=0x00007ffc9fe5c6f9 native-platform-file-events.dll
RAX=0x00720065006d005c is an unknown value
RBX=0x0000000000000001 is an unknown value
RCX=0x00720065006d005c is an unknown value
RDX=0x0 is NULL
RSP=0x0000008bc6bfe8b0 is pointing into the stack for thread: 0x0000018cb0274000
RBP=0x0000008bc6bff178 is pointing into the stack for thread: 0x0000018cb0274000
RSI=0x0 is NULL
RDI=
[error occurred during error reporting (printing register info), id 0xc0000005, EXCEPTION_ACCESS_VIOLATION (0xc0000005) at pc=0x00007ffc7a819dc7]

Registers:
RAX=0x00720065006d005c, RBX=0x0000000000000001, RCX=0x00720065006d005c, RDX=0x0000000000000000
RSP=0x0000008bc6bfe8b0, RBP=0x0000008bc6bff178, RSI=0x0000000000000000, RDI=0x00000000ffffffff
R8 =0x0000000000000032, R9 =0x0000008bc6bfe9d0, R10=0x0000000000000000, R11=0x0000000000000246
R12=0x0000000000000000, R13=0x0000018cb2be2f18, R14=0x0000008bc6bff1a0, R15=0x0000018cb0274000
RIP=0x00007ffc9fe5c6f9, EFLAGS=0x0000000000010297

Top of Stack: (sp=0x0000008bc6bfe8b0)
0x0000008bc6bfe8b0:   0000008bc6bfe8f0 0000008bc6cfea20
0x0000008bc6bfe8c0:   0000000000000000 0000018cb2c89020
0x0000008bc6bfe8d0:   0000000000000001 0000000000000250
0x0000008bc6bfe8e0:   0000008bc6bfe8e0 0000000000000000
0x0000008bc6bfe8f0:   0000008b00000000 0000018cad5a8d01
0x0000008bc6bfe900:   0000000000000000 00007ffc9fe5daad
0x0000008bc6bfe910:   000077a74d341dc3 0000000000000000
0x0000008bc6bfe920:   0000018cb0274000 0000008bc6bff1a0
0x0000008bc6bfe930:   0000018cb2be2f18 0000000000000000
0x0000008bc6bfe940:   0000008bc6bff178 00007ffcb82e0dd2
0x0000008bc6bfe950:   0000008bc6cfe9e0 0000000000000000
0x0000008bc6bfe960:   00007ffc9fe5da90 0000008bc6cfe9e0
0x0000008bc6bfe970:   0000000000000048 0000ab98bcbaaadf
0x0000008bc6bfe980:   0000000000000000 00007ffc9fe5c882
0x0000008bc6bfe990:   00720065006d005c ffffffff00000000
0x0000008bc6bfe9a0:   00007ffc00000032 0000018cb2c89000 

Instructions: (pc=0x00007ffc9fe5c6f9)
0x00007ffc9fe5c5f9:   48 89 4c 24 08 48 81 ec d8 00 00 00 48 8b 05 3c
0x00007ffc9fe5c609:   7c 10 00 48 33 c4 48 89 84 24 c8 00 00 00 c7 44
0x00007ffc9fe5c619:   24 40 00 00 00 00 81 bc 24 e8 00 00 00 e3 03 00
0x00007ffc9fe5c629:   00 0f 85 c1 00 00 00 ba 03 00 00 00 48 8b 0d d4
0x00007ffc9fe5c639:   ae 10 00 e8 01 a3 fe ff 0f b6 c0 85 c0 74 7a 48
0x00007ffc9fe5c649:   8b 84 24 e0 00 00 00 8b 40 68 89 44 24 44 48 8b
0x00007ffc9fe5c659:   84 24 e0 00 00 00 48 83 c0 08 48 8b d0 48 8d 8c
0x00007ffc9fe5c669:   24 88 00 00 00 e8 c3 4f fe ff 48 89 44 24 50 48
0x00007ffc9fe5c679:   8b 44 24 50 48 89 44 24 58 8b 44 24 40 83 c8 01
0x00007ffc9fe5c689:   89 44 24 40 48 8b 4c 24 58 e8 93 51 fe ff 48 89
0x00007ffc9fe5c699:   44 24 60 8b 44 24 44 89 44 24 20 4c 8b 4c 24 60
0x00007ffc9fe5c6a9:   4c 8d 05 a0 ae 0d 00 ba 03 00 00 00 48 8b 0d 54
0x00007ffc9fe5c6b9:   ae 10 00 e8 d1 70 fe ff 90 8b 44 24 40 83 e0 01
0x00007ffc9fe5c6c9:   85 c0 74 12 83 64 24 40 fe 48 8d 8c 24 88 00 00
0x00007ffc9fe5c6d9:   00 e8 c0 59 fe ff 48 8b 8c 24 e0 00 00 00 e8 3a
0x00007ffc9fe5c6e9:   9b fe ff e9 36 01 00 00 48 8b 84 24 e0 00 00 00
0x00007ffc9fe5c6f9:   83 78 68 01 0f 84 cb 00 00 00 ba 03 00 00 00 48
0x00007ffc9fe5c709:   8b 0d 01 ae 10 00 e8 2e a2 fe ff 0f b6 c0 85 c0
0x00007ffc9fe5c719:   0f 84 90 00 00 00 48 8b 84 24 e0 00 00 00 8b 40
0x00007ffc9fe5c729:   68 89 44 24 48 48 8b 84 24 e0 00 00 00 48 83 c0
0x00007ffc9fe5c739:   08 48 8b d0 48 8d 8c 24 a8 00 00 00 e8 ec 4e fe
0x00007ffc9fe5c749:   ff 48 89 44 24 68 48 8b 44 24 68 48 89 44 24 70
0x00007ffc9fe5c759:   8b 44 24 40 83 c8 02 89 44 24 40 48 8b 4c 24 70
0x00007ffc9fe5c769:   e8 bc 50 fe ff 48 89 44 24 78 8b 44 24 48 89 44
0x00007ffc9fe5c779:   24 30 8b 84 24 e8 00 00 00 89 44 24 28 8b 84 24
0x00007ffc9fe5c789:   f0 00 00 00 89 44 24 20 4c 8b 4c 24 78 4c 8d 05
0x00007ffc9fe5c799:   e3 ad 0d 00 ba 03 00 00 00 48 8b 0d 67 ad 10 00
0x00007ffc9fe5c7a9:   e8 e4 6f fe ff 90 8b 44 24 40 83 e0 02 85 c0 74
0x00007ffc9fe5c7b9:   12 83 64 24 40 fd 48 8d 8c 24 a8 00 00 00 e8 d3
0x00007ffc9fe5c7c9:   58 fe ff eb 59 48 8b 84 24 e0 00 00 00 c7 40 68
0x00007ffc9fe5c7d9:   00 00 00 00 48 8b 84 24 e0 00 00 00 48 8b 00 48
0x00007ffc9fe5c7e9:   89 84 24 80 00 00 00 48 8b 84 24 e0 00 00 00 48 


Stack slot to memory mapping:
stack at sp + 0 slots: 0x0000008bc6bfe8f0 is pointing into the stack for thread: 0x0000018cb0274000
stack at sp + 1 slots: 0x0000008bc6cfea20 is pointing into the stack for thread: 0x0000018cb0274800
stack at sp + 2 slots: 0x0 is NULL
stack at sp + 3 slots: 0x0000018cb2c89020 points into unknown readable memory: 0x0065004400650067 | 67 00 65 00 44 00 65 00
stack at sp + 4 slots: 0x0000000000000001 is an unknown value
stack at sp + 5 slots: 0x0000000000000250 is an unknown value
stack at sp + 6 slots: 0x0000008bc6bfe8e0 is pointing into the stack for thread: 0x0000018cb0274000
stack at sp + 7 slots: 0x0 is NULL


---------------  P R O C E S S  ---------------

Threads class SMR info:
_java_thread_list=0x0000018cb4f50250, length=56, elements={
0x0000018c930e0000, 0x0000018cad101000, 0x0000018cad10a000, 0x0000018cada79000,
0x0000018cada7c000, 0x0000018cada7f000, 0x0000018cad118800, 0x0000018cad11c800,
0x0000018cad11d800, 0x0000018cadbdd800, 0x0000018cadd06000, 0x0000018caf1d5000,
0x0000018cafaf4000, 0x0000018caf5da800, 0x0000018caf5e5800, 0x0000018cae98f000,
0x0000018caf55f800, 0x0000018cb031f800, 0x0000018cb05bb000, 0x0000018cafd3f800,
0x0000018cb026f000, 0x0000018cb0272000, 0x0000018cb026f800, 0x0000018cb0271800,
0x0000018cb0273000, 0x0000018cb0274000, 0x0000018cb0274800, 0x0000018cb0275800,
0x0000018cb0270800, 0x0000018cb2cca000, 0x0000018cb2cc7800, 0x0000018cb2cc5800,
0x0000018cb2cc8800, 0x0000018cb2cc9800, 0x0000018cb2ccc000, 0x0000018cb2cc6000,
0x0000018cb2ccb000, 0x0000018cb2cd0800, 0x0000018cb2cce800, 0x0000018cb2cd2800,
0x0000018cb2cd1800, 0x0000018cb2ccc800, 0x0000018cb2ccf000, 0x0000018cb2cd3000,
0x0000018cb2cd0000, 0x0000018cb2ccd800, 0x0000018cb4da8000, 0x0000018cb4da9000,
0x0000018cb4da9800, 0x0000018cb4daa800, 0x0000018cb4da6800, 0x0000018cb4da5000,
0x0000018cb4dab800, 0x0000018cb4da5800, 0x0000018cb4dac000, 0x0000018cb4dad000
}

Java Threads: ( => current thread )
  0x0000018c930e0000 JavaThread "main" [_thread_blocked, id=12276, stack(0x0000008bc4500000,0x0000008bc4600000)]
  0x0000018cad101000 JavaThread "Reference Handler" daemon [_thread_blocked, id=13052, stack(0x0000008bc4c00000,0x0000008bc4d00000)]
  0x0000018cad10a000 JavaThread "Finalizer" daemon [_thread_blocked, id=1632, stack(0x0000008bc4d00000,0x0000008bc4e00000)]
  0x0000018cada79000 JavaThread "Signal Dispatcher" daemon [_thread_blocked, id=9160, stack(0x0000008bc4e00000,0x0000008bc4f00000)]
  0x0000018cada7c000 JavaThread "Attach Listener" daemon [_thread_blocked, id=1268, stack(0x0000008bc4f00000,0x0000008bc5000000)]
  0x0000018cada7f000 JavaThread "Service Thread" daemon [_thread_blocked, id=9080, stack(0x0000008bc5000000,0x0000008bc5100000)]
  0x0000018cad118800 JavaThread "C2 CompilerThread0" daemon [_thread_in_native, id=1988, stack(0x0000008bc5100000,0x0000008bc5200000)]
  0x0000018cad11c800 JavaThread "C1 CompilerThread0" daemon [_thread_blocked, id=10320, stack(0x0000008bc5200000,0x0000008bc5300000)]
  0x0000018cad11d800 JavaThread "Sweeper thread" daemon [_thread_blocked, id=12984, stack(0x0000008bc5300000,0x0000008bc5400000)]
  0x0000018cadbdd800 JavaThread "Common-Cleaner" daemon [_thread_blocked, id=9828, stack(0x0000008bc5400000,0x0000008bc5500000)]
  0x0000018cadd06000 JavaThread "C2 CompilerThread1" daemon [_thread_in_native, id=3316, stack(0x0000008bc5600000,0x0000008bc5700000)]
  0x0000018caf1d5000 JavaThread "Daemon health stats" [_thread_blocked, id=88, stack(0x0000008bc5900000,0x0000008bc5a00000)]
  0x0000018cafaf4000 JavaThread "Incoming local TCP Connector on port 5856" [_thread_in_native, id=9120, stack(0x0000008bc5a00000,0x0000008bc5b00000)]
  0x0000018caf5da800 JavaThread "Daemon periodic checks" [_thread_blocked, id=10644, stack(0x0000008bc5b00000,0x0000008bc5c00000)]
  0x0000018caf5e5800 JavaThread "Daemon" [_thread_blocked, id=3024, stack(0x0000008bc5c00000,0x0000008bc5d00000)]
  0x0000018cae98f000 JavaThread "Handler for socket connection from /127.0.0.1:5856 to /127.0.0.1:5857" [_thread_in_native, id=2308, stack(0x0000008bc5d00000,0x0000008bc5e00000)]
  0x0000018caf55f800 JavaThread "Cancel handler" [_thread_blocked, id=9016, stack(0x0000008bc5e00000,0x0000008bc5f00000)]
  0x0000018cb031f800 JavaThread "Daemon worker" [_thread_blocked, id=9428, stack(0x0000008bc5f00000,0x0000008bc6000000)]
  0x0000018cb05bb000 JavaThread "Asynchronous log dispatcher for DefaultDaemonConnection: socket connection from /127.0.0.1:5856 to /127.0.0.1:5857" [_thread_blocked, id=912, stack(0x0000008bc6000000,0x0000008bc6100000)]
  0x0000018cafd3f800 JavaThread "Stdin handler" [_thread_blocked, id=12720, stack(0x0000008bc6100000,0x0000008bc6200000)]
  0x0000018cb026f000 JavaThread "Daemon client event forwarder" [_thread_blocked, id=9292, stack(0x0000008bc6200000,0x0000008bc6300000)]
  0x0000018cb0272000 JavaThread "Cache worker for file hash cache (C:\Users\spirkin_a\.gradle\caches\7.0.2\fileHashes)" [_thread_blocked, id=7732, stack(0x0000008bc6600000,0x0000008bc6700000)]
  0x0000018cb026f800 JavaThread "File lock request listener" [_thread_in_native, id=12832, stack(0x0000008bc6700000,0x0000008bc6800000)]
  0x0000018cb0271800 JavaThread "Cache worker for journal cache (C:\Users\spirkin_a\.gradle\caches\journal-1)" [_thread_in_native, id=12156, stack(0x0000008bc6900000,0x0000008bc6a00000)]
  0x0000018cb0273000 JavaThread "Cache worker for file hash cache (G:\Android\Amination\.gradle\7.0.2\fileHashes)" [_thread_blocked, id=5712, stack(0x0000008bc6a00000,0x0000008bc6b00000)]
=>0x0000018cb0274000 JavaThread "File watcher server" daemon [_thread_in_native, id=5512, stack(0x0000008bc6b00000,0x0000008bc6c00000)]
  0x0000018cb0274800 JavaThread "File watcher consumer" daemon [_thread_blocked, id=1360, stack(0x0000008bc6c00000,0x0000008bc6d00000)]
  0x0000018cb0275800 JavaThread "Cache worker for checksums cache (G:\Android\Amination\.gradle\checksums)" [_thread_blocked, id=7424, stack(0x0000008bc6d00000,0x0000008bc6e00000)]
  0x0000018cb0270800 JavaThread "Cache worker for cache directory md-supplier (C:\Users\spirkin_a\.gradle\caches\7.0.2\md-supplier)" [_thread_blocked, id=13116, stack(0x0000008bc6e00000,0x0000008bc6f00000)]
  0x0000018cb2cca000 JavaThread "Cache worker for cache directory md-rule (C:\Users\spirkin_a\.gradle\caches\7.0.2\md-rule)" [_thread_blocked, id=8532, stack(0x0000008bc6f00000,0x0000008bc7000000)]
  0x0000018cb2cc7800 JavaThread "Cache worker for execution history cache (C:\Users\spirkin_a\.gradle\caches\7.0.2\executionHistory)" [_thread_blocked, id=12516, stack(0x0000008bc7000000,0x0000008bc7100000)]
  0x0000018cb2cc5800 JavaThread "jar transforms" [_thread_blocked, id=10820, stack(0x0000008bc7100000,0x0000008bc7200000)]
  0x0000018cb2cc8800 JavaThread "jar transforms Thread 2" [_thread_blocked, id=12080, stack(0x0000008bc7200000,0x0000008bc7300000)]
  0x0000018cb2cc9800 JavaThread "Cache worker for file content cache (C:\Users\spirkin_a\.gradle\caches\7.0.2\fileContent)" [_thread_blocked, id=11644, stack(0x0000008bc7300000,0x0000008bc7400000)]
  0x0000018cb2ccc000 JavaThread "Cache worker for dependencies-accessors (G:\Android\Amination\.gradle\7.0.2\dependencies-accessors)" [_thread_blocked, id=2408, stack(0x0000008bc7400000,0x0000008bc7500000)]
  0x0000018cb2cc6000 JavaThread "jar transforms Thread 3" [_thread_blocked, id=1900, stack(0x0000008bc7500000,0x0000008bc7600000)]
  0x0000018cb2ccb000 JavaThread "Cache worker for Build Output Cleanup Cache (G:\Android\Amination\.gradle\buildOutputCleanup)" [_thread_in_native, id=7960, stack(0x0000008bc7600000,0x0000008bc7700000)]
  0x0000018cb2cd0800 JavaThread "Build operations" [_thread_blocked, id=9560, stack(0x0000008bc7700000,0x0000008bc7800000)]
  0x0000018cb2cce800 JavaThread "Build operations Thread 2" [_thread_blocked, id=12568, stack(0x0000008bc7800000,0x0000008bc7900000)]
  0x0000018cb2cd2800 JavaThread "Build operations Thread 3" [_thread_blocked, id=12264, stack(0x0000008bc7900000,0x0000008bc7a00000)]
  0x0000018cb2cd1800 JavaThread "Build operations Thread 4" [_thread_in_native, id=12560, stack(0x0000008bc7a00000,0x0000008bc7b00000)]
  0x0000018cb2ccc800 JavaThread "Build operations Thread 5" [_thread_in_Java, id=11960, stack(0x0000008bc7b00000,0x0000008bc7c00000)]
  0x0000018cb2ccf000 JavaThread "Build operations Thread 6" [_thread_blocked, id=1472, stack(0x0000008bc7c00000,0x0000008bc7d00000)]
  0x0000018cb2cd3000 JavaThread "jar transforms Thread 4" [_thread_blocked, id=2668, stack(0x0000008bc7d00000,0x0000008bc7e00000)]
  0x0000018cb2cd0000 JavaThread "jar transforms Thread 5" [_thread_blocked, id=9640, stack(0x0000008bc7e00000,0x0000008bc7f00000)]
  0x0000018cb2ccd800 JavaThread "jar transforms Thread 6" [_thread_blocked, id=6708, stack(0x0000008bc7f00000,0x0000008bc8000000)]
  0x0000018cb4da8000 JavaThread "Memory manager" [_thread_blocked, id=11284, stack(0x0000008bc8000000,0x0000008bc8100000)]
  0x0000018cb4da9000 JavaThread "build event listener" [_thread_blocked, id=11092, stack(0x0000008bc8100000,0x0000008bc8200000)]
  0x0000018cb4da9800 JavaThread "Execution worker for ':'" [_thread_blocked, id=7600, stack(0x0000008bc8200000,0x0000008bc8300000)]
  0x0000018cb4daa800 JavaThread "Execution worker for ':' Thread 2" [_thread_blocked, id=9012, stack(0x0000008bc8300000,0x0000008bc8400000)]
  0x0000018cb4da6800 JavaThread "Execution worker for ':' Thread 3" [_thread_blocked, id=4760, stack(0x0000008bc8400000,0x0000008bc8500000)]
  0x0000018cb4da5000 JavaThread "Execution worker for ':' Thread 4" [_thread_blocked, id=1524, stack(0x0000008bc8500000,0x0000008bc8600000)]
  0x0000018cb4dab800 JavaThread "Execution worker for ':' Thread 5" [_thread_blocked, id=7264, stack(0x0000008bc8600000,0x0000008bc8700000)]
  0x0000018cb4da5800 JavaThread "Cache worker for execution history cache (G:\Android\Amination\.gradle\7.0.2\executionHistory)" [_thread_blocked, id=10380, stack(0x0000008bc8700000,0x0000008bc8800000)]
  0x0000018cb4dac000 JavaThread "WorkerExecutor Queue" [_thread_blocked, id=13000, stack(0x0000008bc8800000,0x0000008bc8900000)]
  0x0000018cb4dad000 JavaThread "WorkerExecutor Queue Thread 2" [_thread_blocked, id=2608, stack(0x0000008bc8900000,0x0000008bc8a00000)]

Other Threads:
  0x0000018cad0ff000 VMThread "VM Thread" [stack: 0x0000008bc4b00000,0x0000008bc4c00000] [id=32]
  0x0000018cadbf8000 WatcherThread [stack: 0x0000008bc5500000,0x0000008bc5600000] [id=6132]
  0x0000018c930f5800 GCTaskThread "GC Thread#0" [stack: 0x0000008bc4600000,0x0000008bc4700000] [id=5768]
  0x0000018cae27e000 GCTaskThread "GC Thread#1" [stack: 0x0000008bc5700000,0x0000008bc5800000] [id=12252]
  0x0000018cae712000 GCTaskThread "GC Thread#2" [stack: 0x0000008bc5800000,0x0000008bc5900000] [id=7212]
  0x0000018cafd52800 GCTaskThread "GC Thread#3" [stack: 0x0000008bc6300000,0x0000008bc6400000] [id=5304]
  0x0000018caf97e000 GCTaskThread "GC Thread#4" [stack: 0x0000008bc6400000,0x0000008bc6500000] [id=1860]
  0x0000018cafe16800 GCTaskThread "GC Thread#5" [stack: 0x0000008bc6500000,0x0000008bc6600000] [id=7520]
  0x0000018c93128800 ConcurrentGCThread "G1 Main Marker" [stack: 0x0000008bc4700000,0x0000008bc4800000] [id=7872]
  0x0000018c9312a000 ConcurrentGCThread "G1 Conc#0" [stack: 0x0000008bc4800000,0x0000008bc4900000] [id=8948]
  0x0000018caf977000 ConcurrentGCThread "G1 Conc#1" [stack: 0x0000008bc6800000,0x0000008bc6900000] [id=9004]
  0x0000018c931ae800 ConcurrentGCThread "G1 Refine#0" [stack: 0x0000008bc4900000,0x0000008bc4a00000] [id=3912]
  0x0000018cacf47800 ConcurrentGCThread "G1 Young RemSet Sampling" [stack: 0x0000008bc4a00000,0x0000008bc4b00000] [id=5648]

Threads with active compile tasks:
C2 CompilerThread0   6900 8512       4       org.gradle.cache.internal.btree.FreeListBlockStore::read (12 bytes)
C2 CompilerThread1   6900 8508       4       org.gradle.cache.internal.btree.CachingBlockStore::read (56 bytes)

VM state:not at safepoint (normal execution)

VM Mutex/Monitor currently owned by a thread:  ([mutex/lock_event])
[0x0000018c9108a180] MethodCompileQueue_lock - owner thread: 0x0000000000000000

Heap address: 0x0000000080000000, size: 2048 MB, Compressed Oops mode: 32-bit
Narrow klass base: 0x0000000000000000, Narrow klass shift: 3
Compressed class space size: 1073741824 Address: 0x0000000100000000

Heap:
 garbage-first heap   total 187392K, used 95393K [0x0000000080000000, 0x0000000100000000)
  region size 1024K, 47 young (48128K), 10 survivors (10240K)
 Metaspace       used 79868K, capacity 82045K, committed 82252K, reserved 1120256K
  class space    used 10447K, capacity 11245K, committed 11340K, reserved 1048576K
Heap Regions: E=young(eden), S=young(survivor), O=old, HS=humongous(starts), HC=humongous(continues), CS=collection set, F=free, A=archive, TAMS=top-at-mark-start (previous, next)
|   0|0x0000000080000000, 0x0000000080100000, 0x0000000080100000|100%| O|  |TAMS 0x0000000080100000, 0x0000000080000000| Untracked 
|   1|0x0000000080100000, 0x0000000080200000, 0x0000000080200000|100%| O|  |TAMS 0x0000000080200000, 0x0000000080100000| Untracked 
|   2|0x0000000080200000, 0x0000000080300000, 0x0000000080300000|100%| O|  |TAMS 0x0000000080300000, 0x0000000080200000| Untracked 
|   3|0x0000000080300000, 0x0000000080400000, 0x0000000080400000|100%|HS|  |TAMS 0x0000000080400000, 0x0000000080300000| Complete 
|   4|0x0000000080400000, 0x0000000080500000, 0x0000000080500000|100%|HC|  |TAMS 0x0000000080500000, 0x0000000080400000| Complete 
|   5|0x0000000080500000, 0x0000000080600000, 0x0000000080600000|100%|HC|  |TAMS 0x0000000080600000, 0x0000000080500000| Complete 
|   6|0x0000000080600000, 0x0000000080700000, 0x0000000080700000|100%| O|  |TAMS 0x0000000080700000, 0x0000000080600000| Untracked 
|   7|0x0000000080700000, 0x0000000080800000, 0x0000000080800000|100%| O|  |TAMS 0x0000000080800000, 0x0000000080700000| Untracked 
|   8|0x0000000080800000, 0x0000000080900000, 0x0000000080900000|100%| O|  |TAMS 0x0000000080900000, 0x0000000080800000| Untracked 
|   9|0x0000000080900000, 0x0000000080a00000, 0x0000000080a00000|100%| O|  |TAMS 0x0000000080a00000, 0x0000000080900000| Untracked 
|  10|0x0000000080a00000, 0x0000000080b00000, 0x0000000080b00000|100%| O|  |TAMS 0x0000000080b00000, 0x0000000080a00000| Untracked 
|  11|0x0000000080b00000, 0x0000000080c00000, 0x0000000080c00000|100%| O|  |TAMS 0x0000000080c00000, 0x0000000080b00000| Untracked 
|  12|0x0000000080c00000, 0x0000000080d00000, 0x0000000080d00000|100%| O|  |TAMS 0x0000000080d00000, 0x0000000080c00000| Untracked 
|  13|0x0000000080d00000, 0x0000000080e00000, 0x0000000080e00000|100%| O|  |TAMS 0x0000000080e00000, 0x0000000080d00000| Untracked 
|  14|0x0000000080e00000, 0x0000000080f00000, 0x0000000080f00000|100%| O|  |TAMS 0x0000000080f00000, 0x0000000080e00000| Untracked 
|  15|0x0000000080f00000, 0x0000000081000000, 0x0000000081000000|100%| O|  |TAMS 0x0000000081000000, 0x0000000080f00000| Untracked 
|  16|0x0000000081000000, 0x0000000081100000, 0x0000000081100000|100%|HS|  |TAMS 0x0000000081100000, 0x0000000081000000| Complete 
|  17|0x0000000081100000, 0x0000000081200000, 0x0000000081200000|100%| O|  |TAMS 0x0000000081200000, 0x0000000081100000| Untracked 
|  18|0x0000000081200000, 0x0000000081300000, 0x0000000081300000|100%| O|  |TAMS 0x0000000081300000, 0x0000000081200000| Untracked 
|  19|0x0000000081300000, 0x0000000081400000, 0x0000000081400000|100%| O|  |TAMS 0x0000000081400000, 0x0000000081300000| Untracked 
|  20|0x0000000081400000, 0x0000000081500000, 0x0000000081500000|100%| O|  |TAMS 0x0000000081500000, 0x0000000081400000| Untracked 
|  21|0x0000000081500000, 0x0000000081600000, 0x0000000081600000|100%| O|  |TAMS 0x0000000081600000, 0x0000000081500000| Untracked 
|  22|0x0000000081600000, 0x0000000081700000, 0x0000000081700000|100%| O|  |TAMS 0x0000000081700000, 0x0000000081600000| Untracked 
|  23|0x0000000081700000, 0x0000000081800000, 0x0000000081800000|100%|HS|  |TAMS 0x0000000081800000, 0x0000000081700000| Complete 
|  24|0x0000000081800000, 0x0000000081900000, 0x0000000081900000|100%|HS|  |TAMS 0x0000000081900000, 0x0000000081800000| Complete 
|  25|0x0000000081900000, 0x0000000081a00000, 0x0000000081a00000|100%|HC|  |TAMS 0x0000000081a00000, 0x0000000081900000| Complete 
|  26|0x0000000081a00000, 0x0000000081b00000, 0x0000000081b00000|100%| O|  |TAMS 0x0000000081b00000, 0x0000000081a00000| Untracked 
|  27|0x0000000081b00000, 0x0000000081c00000, 0x0000000081c00000|100%| O|  |TAMS 0x0000000081c00000, 0x0000000081b00000| Untracked 
|  28|0x0000000081c00000, 0x0000000081d00000, 0x0000000081d00000|100%| O|  |TAMS 0x0000000081d00000, 0x0000000081c00000| Untracked 
|  29|0x0000000081d00000, 0x0000000081e00000, 0x0000000081e00000|100%| O|  |TAMS 0x0000000081e00000, 0x0000000081d00000| Untracked 
|  30|0x0000000081e00000, 0x0000000081f00000, 0x0000000081f00000|100%| O|  |TAMS 0x0000000081f00000, 0x0000000081e00000| Untracked 
|  31|0x0000000081f00000, 0x0000000082000000, 0x0000000082000000|100%| O|  |TAMS 0x0000000082000000, 0x0000000081f00000| Untracked 
|  32|0x0000000082000000, 0x0000000082100000, 0x0000000082100000|100%| O|  |TAMS 0x0000000082100000, 0x0000000082000000| Untracked 
|  33|0x0000000082100000, 0x0000000082200000, 0x0000000082200000|100%| O|  |TAMS 0x0000000082200000, 0x0000000082100000| Untracked 
|  34|0x0000000082200000, 0x0000000082300000, 0x0000000082300000|100%| O|  |TAMS 0x0000000082300000, 0x0000000082200000| Untracked 
|  35|0x0000000082300000, 0x0000000082400000, 0x0000000082400000|100%| O|  |TAMS 0x0000000082400000, 0x0000000082300000| Untracked 
|  36|0x0000000082400000, 0x0000000082500000, 0x0000000082500000|100%| O|  |TAMS 0x0000000082500000, 0x0000000082400000| Untracked 
|  37|0x0000000082500000, 0x0000000082600000, 0x0000000082600000|100%| O|  |TAMS 0x0000000082600000, 0x0000000082500000| Untracked 
|  38|0x0000000082600000, 0x0000000082700000, 0x0000000082700000|100%| O|  |TAMS 0x0000000082700000, 0x0000000082600000| Untracked 
|  39|0x0000000082700000, 0x0000000082800000, 0x0000000082800000|100%| O|  |TAMS 0x0000000082800000, 0x0000000082700000| Untracked 
|  40|0x0000000082800000, 0x0000000082900000, 0x0000000082900000|100%| O|  |TAMS 0x0000000082900000, 0x0000000082800000| Untracked 
|  41|0x0000000082900000, 0x0000000082a00000, 0x0000000082a00000|100%| O|  |TAMS 0x0000000082923c00, 0x0000000082900000| Untracked 
|  42|0x0000000082a00000, 0x0000000082b00000, 0x0000000082b00000|100%| O|  |TAMS 0x0000000082a00000, 0x0000000082a00000| Untracked 
|  43|0x0000000082b00000, 0x0000000082c00000, 0x0000000082c00000|100%| O|  |TAMS 0x0000000082b00000, 0x0000000082b00000| Untracked 
|  44|0x0000000082c00000, 0x0000000082d00000, 0x0000000082d00000|100%| O|  |TAMS 0x0000000082c00000, 0x0000000082c00000| Untracked 
|  45|0x0000000082d00000, 0x0000000082e00000, 0x0000000082e00000|100%| O|  |TAMS 0x0000000082d00000, 0x0000000082d00000| Untracked 
|  46|0x0000000082e00000, 0x0000000082f00000, 0x0000000082f00000|100%| O|  |TAMS 0x0000000082e00000, 0x0000000082e00000| Untracked 
|  47|0x0000000082f00000, 0x0000000083000000, 0x0000000083000000|100%| O|  |TAMS 0x0000000082f00000, 0x0000000082f00000| Untracked 
|  48|0x0000000083000000, 0x00000000830d4c00, 0x0000000083100000| 83%| O|  |TAMS 0x0000000083000000, 0x0000000083000000| Untracked 
|  49|0x0000000083100000, 0x0000000083100000, 0x0000000083200000|  0%| F|  |TAMS 0x0000000083100000, 0x0000000083100000| Untracked 
|  50|0x0000000083200000, 0x0000000083200000, 0x0000000083300000|  0%| F|  |TAMS 0x0000000083200000, 0x0000000083200000| Untracked 
|  51|0x0000000083300000, 0x0000000083300000, 0x0000000083400000|  0%| F|  |TAMS 0x0000000083300000, 0x0000000083300000| Untracked 
|  52|0x0000000083400000, 0x0000000083400000, 0x0000000083500000|  0%| F|  |TAMS 0x0000000083400000, 0x0000000083400000| Untracked 
|  53|0x0000000083500000, 0x0000000083500000, 0x0000000083600000|  0%| F|  |TAMS 0x0000000083500000, 0x0000000083500000| Untracked 
|  54|0x0000000083600000, 0x0000000083600000, 0x0000000083700000|  0%| F|  |TAMS 0x0000000083600000, 0x0000000083600000| Untracked 
|  55|0x0000000083700000, 0x0000000083700000, 0x0000000083800000|  0%| F|  |TAMS 0x0000000083700000, 0x0000000083700000| Untracked 
|  56|0x0000000083800000, 0x0000000083800000, 0x0000000083900000|  0%| F|  |TAMS 0x0000000083800000, 0x0000000083800000| Untracked 
|  57|0x0000000083900000, 0x0000000083900000, 0x0000000083a00000|  0%| F|  |TAMS 0x0000000083900000, 0x0000000083900000| Untracked 
|  58|0x0000000083a00000, 0x0000000083a00000, 0x0000000083b00000|  0%| F|  |TAMS 0x0000000083a00000, 0x0000000083a00000| Untracked 
|  59|0x0000000083b00000, 0x0000000083b00000, 0x0000000083c00000|  0%| F|  |TAMS 0x0000000083b00000, 0x0000000083b00000| Untracked 
|  60|0x0000000083c00000, 0x0000000083c00000, 0x0000000083d00000|  0%| F|  |TAMS 0x0000000083c00000, 0x0000000083c00000| Untracked 
|  61|0x0000000083d00000, 0x0000000083d00000, 0x0000000083e00000|  0%| F|  |TAMS 0x0000000083d00000, 0x0000000083d00000| Untracked 
|  62|0x0000000083e00000, 0x0000000083e00000, 0x0000000083f00000|  0%| F|  |TAMS 0x0000000083e00000, 0x0000000083e00000| Untracked 
|  63|0x0000000083f00000, 0x0000000083f00000, 0x0000000084000000|  0%| F|  |TAMS 0x0000000083f00000, 0x0000000083f00000| Untracked 
|  64|0x0000000084000000, 0x0000000084000000, 0x0000000084100000|  0%| F|  |TAMS 0x0000000084000000, 0x0000000084000000| Untracked 
|  65|0x0000000084100000, 0x0000000084100000, 0x0000000084200000|  0%| F|  |TAMS 0x0000000084100000, 0x0000000084100000| Untracked 
|  66|0x0000000084200000, 0x0000000084200000, 0x0000000084300000|  0%| F|  |TAMS 0x0000000084200000, 0x0000000084200000| Untracked 
|  67|0x0000000084300000, 0x0000000084300000, 0x0000000084400000|  0%| F|  |TAMS 0x0000000084300000, 0x0000000084300000| Untracked 
|  68|0x0000000084400000, 0x0000000084400000, 0x0000000084500000|  0%| F|  |TAMS 0x0000000084400000, 0x0000000084400000| Untracked 
|  69|0x0000000084500000, 0x0000000084500000, 0x0000000084600000|  0%| F|  |TAMS 0x0000000084500000, 0x0000000084500000| Untracked 
|  70|0x0000000084600000, 0x0000000084600000, 0x0000000084700000|  0%| F|  |TAMS 0x0000000084600000, 0x0000000084600000| Untracked 
|  71|0x0000000084700000, 0x0000000084700000, 0x0000000084800000|  0%| F|  |TAMS 0x0000000084700000, 0x0000000084700000| Untracked 
|  72|0x0000000084800000, 0x0000000084800000, 0x0000000084900000|  0%| F|  |TAMS 0x0000000084800000, 0x0000000084800000| Untracked 
|  73|0x0000000084900000, 0x0000000084900000, 0x0000000084a00000|  0%| F|  |TAMS 0x0000000084900000, 0x0000000084900000| Untracked 
|  74|0x0000000084a00000, 0x0000000084a00000, 0x0000000084b00000|  0%| F|  |TAMS 0x0000000084a00000, 0x0000000084a00000| Untracked 
|  75|0x0000000084b00000, 0x0000000084b00000, 0x0000000084c00000|  0%| F|  |TAMS 0x0000000084b00000, 0x0000000084b00000| Untracked 
|  76|0x0000000084c00000, 0x0000000084c00000, 0x0000000084d00000|  0%| F|  |TAMS 0x0000000084c00000, 0x0000000084c00000| Untracked 
|  77|0x0000000084d00000, 0x0000000084d00000, 0x0000000084e00000|  0%| F|  |TAMS 0x0000000084d00000, 0x0000000084d00000| Untracked 
|  78|0x0000000084e00000, 0x0000000084e00000, 0x0000000084f00000|  0%| F|  |TAMS 0x0000000084e00000, 0x0000000084e00000| Untracked 
|  79|0x0000000084f00000, 0x0000000084f00000, 0x0000000085000000|  0%| F|  |TAMS 0x0000000084f00000, 0x0000000084f00000| Untracked 
|  80|0x0000000085000000, 0x0000000085000000, 0x0000000085100000|  0%| F|  |TAMS 0x0000000085000000, 0x0000000085000000| Untracked 
|  81|0x0000000085100000, 0x0000000085100000, 0x0000000085200000|  0%| F|  |TAMS 0x0000000085100000, 0x0000000085100000| Untracked 
|  82|0x0000000085200000, 0x0000000085200000, 0x0000000085300000|  0%| F|  |TAMS 0x0000000085200000, 0x0000000085200000| Untracked 
|  83|0x0000000085300000, 0x0000000085300000, 0x0000000085400000|  0%| F|  |TAMS 0x0000000085300000, 0x0000000085300000| Untracked 
|  84|0x0000000085400000, 0x0000000085400000, 0x0000000085500000|  0%| F|  |TAMS 0x0000000085400000, 0x0000000085400000| Untracked 
|  85|0x0000000085500000, 0x0000000085500000, 0x0000000085600000|  0%| F|  |TAMS 0x0000000085500000, 0x0000000085500000| Untracked 
|  86|0x0000000085600000, 0x0000000085600000, 0x0000000085700000|  0%| F|  |TAMS 0x0000000085600000, 0x0000000085600000| Untracked 
|  87|0x0000000085700000, 0x0000000085700000, 0x0000000085800000|  0%| F|  |TAMS 0x0000000085700000, 0x0000000085700000| Untracked 
|  88|0x0000000085800000, 0x0000000085800000, 0x0000000085900000|  0%| F|  |TAMS 0x0000000085800000, 0x0000000085800000| Untracked 
|  89|0x0000000085900000, 0x0000000085900000, 0x0000000085a00000|  0%| F|  |TAMS 0x0000000085900000, 0x0000000085900000| Untracked 
|  90|0x0000000085a00000, 0x0000000085a00000, 0x0000000085b00000|  0%| F|  |TAMS 0x0000000085a00000, 0x0000000085a00000| Untracked 
|  91|0x0000000085b00000, 0x0000000085b00000, 0x0000000085c00000|  0%| F|  |TAMS 0x0000000085b00000, 0x0000000085b00000| Untracked 
|  92|0x0000000085c00000, 0x0000000085c00000, 0x0000000085d00000|  0%| F|  |TAMS 0x0000000085c00000, 0x0000000085c00000| Untracked 
|  93|0x0000000085d00000, 0x0000000085d53800, 0x0000000085e00000| 32%| S|CS|TAMS 0x0000000085d00000, 0x0000000085d00000| Complete 
|  94|0x0000000085e00000, 0x0000000085f00000, 0x0000000085f00000|100%| S|CS|TAMS 0x0000000085e00000, 0x0000000085e00000| Complete 
|  95|0x0000000085f00000, 0x0000000086000000, 0x0000000086000000|100%| S|CS|TAMS 0x0000000085f00000, 0x0000000085f00000| Complete 
|  96|0x0000000086000000, 0x0000000086000000, 0x0000000086100000|  0%| F|  |TAMS 0x0000000086000000, 0x0000000086000000| Untracked 
|  97|0x0000000086100000, 0x0000000086100000, 0x0000000086200000|  0%| F|  |TAMS 0x0000000086100000, 0x0000000086100000| Untracked 
|  98|0x0000000086200000, 0x0000000086200000, 0x0000000086300000|  0%| F|  |TAMS 0x0000000086200000, 0x0000000086200000| Untracked 
|  99|0x0000000086300000, 0x0000000086400000, 0x0000000086400000|100%| S|CS|TAMS 0x0000000086300000, 0x0000000086300000| Complete 
| 100|0x0000000086400000, 0x0000000086500000, 0x0000000086500000|100%| S|CS|TAMS 0x0000000086400000, 0x0000000086400000| Complete 
| 101|0x0000000086500000, 0x0000000086600000, 0x0000000086600000|100%| S|CS|TAMS 0x0000000086500000, 0x0000000086500000| Complete 
| 102|0x0000000086600000, 0x0000000086700000, 0x0000000086700000|100%| S|CS|TAMS 0x0000000086600000, 0x0000000086600000| Complete 
| 103|0x0000000086700000, 0x0000000086800000, 0x0000000086800000|100%| S|CS|TAMS 0x0000000086700000, 0x0000000086700000| Complete 
| 104|0x0000000086800000, 0x0000000086900000, 0x0000000086900000|100%| S|CS|TAMS 0x0000000086800000, 0x0000000086800000| Complete 
| 105|0x0000000086900000, 0x0000000086a00000, 0x0000000086a00000|100%| S|CS|TAMS 0x0000000086900000, 0x0000000086900000| Complete 
| 106|0x0000000086a00000, 0x0000000086a00000, 0x0000000086b00000|  0%| F|  |TAMS 0x0000000086a00000, 0x0000000086a00000| Untracked 
| 107|0x0000000086b00000, 0x0000000086b00000, 0x0000000086c00000|  0%| F|  |TAMS 0x0000000086b00000, 0x0000000086b00000| Untracked 
| 108|0x0000000086c00000, 0x0000000086c00000, 0x0000000086d00000|  0%| F|  |TAMS 0x0000000086c00000, 0x0000000086c00000| Untracked 
| 109|0x0000000086d00000, 0x0000000086d00000, 0x0000000086e00000|  0%| F|  |TAMS 0x0000000086d00000, 0x0000000086d00000| Untracked 
| 110|0x0000000086e00000, 0x0000000086e00000, 0x0000000086f00000|  0%| F|  |TAMS 0x0000000086e00000, 0x0000000086e00000| Untracked 
| 111|0x0000000086f00000, 0x0000000086f00000, 0x0000000087000000|  0%| F|  |TAMS 0x0000000086f00000, 0x0000000086f00000| Untracked 
| 112|0x0000000087000000, 0x0000000087000000, 0x0000000087100000|  0%| F|  |TAMS 0x0000000087000000, 0x0000000087000000| Untracked 
| 113|0x0000000087100000, 0x0000000087100000, 0x0000000087200000|  0%| F|  |TAMS 0x0000000087100000, 0x0000000087100000| Untracked 
| 114|0x0000000087200000, 0x0000000087200000, 0x0000000087300000|  0%| F|  |TAMS 0x0000000087200000, 0x0000000087200000| Untracked 
| 115|0x0000000087300000, 0x0000000087300000, 0x0000000087400000|  0%| F|  |TAMS 0x0000000087300000, 0x0000000087300000| Untracked 
| 116|0x0000000087400000, 0x0000000087400000, 0x0000000087500000|  0%| F|  |TAMS 0x0000000087400000, 0x0000000087400000| Untracked 
| 117|0x0000000087500000, 0x0000000087500000, 0x0000000087600000|  0%| F|  |TAMS 0x0000000087500000, 0x0000000087500000| Untracked 
| 118|0x0000000087600000, 0x0000000087600000, 0x0000000087700000|  0%| F|  |TAMS 0x0000000087600000, 0x0000000087600000| Untracked 
| 119|0x0000000087700000, 0x0000000087700000, 0x0000000087800000|  0%| F|  |TAMS 0x0000000087700000, 0x0000000087700000| Untracked 
| 120|0x0000000087800000, 0x0000000087800000, 0x0000000087900000|  0%| F|  |TAMS 0x0000000087800000, 0x0000000087800000| Untracked 
| 121|0x0000000087900000, 0x0000000087900000, 0x0000000087a00000|  0%| F|  |TAMS 0x0000000087900000, 0x0000000087900000| Untracked 
| 122|0x0000000087a00000, 0x0000000087a00000, 0x0000000087b00000|  0%| F|  |TAMS 0x0000000087a00000, 0x0000000087a00000| Untracked 
| 123|0x0000000087b00000, 0x0000000087b00000, 0x0000000087c00000|  0%| F|  |TAMS 0x0000000087b00000, 0x0000000087b00000| Untracked 
| 124|0x0000000087c00000, 0x0000000087c00000, 0x0000000087d00000|  0%| F|  |TAMS 0x0000000087c00000, 0x0000000087c00000| Untracked 
| 125|0x0000000087d00000, 0x0000000087d00000, 0x0000000087e00000|  0%| F|  |TAMS 0x0000000087d00000, 0x0000000087d00000| Untracked 
| 126|0x0000000087e00000, 0x0000000087e00000, 0x0000000087f00000|  0%| F|  |TAMS 0x0000000087e00000, 0x0000000087e00000| Untracked 
| 127|0x0000000087f00000, 0x0000000087f00000, 0x0000000088000000|  0%| F|  |TAMS 0x0000000087f00000, 0x0000000087f00000| Untracked 
| 128|0x0000000088000000, 0x0000000088000000, 0x0000000088100000|  0%| F|  |TAMS 0x0000000088000000, 0x0000000088000000| Untracked 
| 129|0x0000000088100000, 0x0000000088100000, 0x0000000088200000|  0%| F|  |TAMS 0x0000000088100000, 0x0000000088100000| Untracked 
| 130|0x0000000088200000, 0x0000000088200000, 0x0000000088300000|  0%| F|  |TAMS 0x0000000088200000, 0x0000000088200000| Untracked 
| 131|0x0000000088300000, 0x0000000088300000, 0x0000000088400000|  0%| F|  |TAMS 0x0000000088300000, 0x0000000088300000| Untracked 
| 132|0x0000000088400000, 0x0000000088400000, 0x0000000088500000|  0%| F|  |TAMS 0x0000000088400000, 0x0000000088400000| Untracked 
| 133|0x0000000088500000, 0x0000000088500000, 0x0000000088600000|  0%| F|  |TAMS 0x0000000088500000, 0x0000000088500000| Untracked 
| 134|0x0000000088600000, 0x0000000088600000, 0x0000000088700000|  0%| F|  |TAMS 0x0000000088600000, 0x0000000088600000| Untracked 
| 135|0x0000000088700000, 0x0000000088700000, 0x0000000088800000|  0%| F|  |TAMS 0x0000000088700000, 0x0000000088700000| Untracked 
| 136|0x0000000088800000, 0x0000000088800000, 0x0000000088900000|  0%| F|  |TAMS 0x0000000088800000, 0x0000000088800000| Untracked 
| 137|0x0000000088900000, 0x0000000088900000, 0x0000000088a00000|  0%| F|  |TAMS 0x0000000088900000, 0x0000000088900000| Untracked 
| 138|0x0000000088a00000, 0x0000000088a00000, 0x0000000088b00000|  0%| F|  |TAMS 0x0000000088a00000, 0x0000000088a00000| Untracked 
| 139|0x0000000088b00000, 0x0000000088b00000, 0x0000000088c00000|  0%| F|  |TAMS 0x0000000088b00000, 0x0000000088b00000| Untracked 
| 140|0x0000000088c00000, 0x0000000088c00000, 0x0000000088d00000|  0%| F|  |TAMS 0x0000000088c00000, 0x0000000088c00000| Untracked 
| 141|0x0000000088d00000, 0x0000000088d00000, 0x0000000088e00000|  0%| F|  |TAMS 0x0000000088d00000, 0x0000000088d00000| Untracked 
| 142|0x0000000088e00000, 0x0000000088e00000, 0x0000000088f00000|  0%| F|  |TAMS 0x0000000088e00000, 0x0000000088e00000| Untracked 
| 143|0x0000000088f00000, 0x0000000088f00000, 0x0000000089000000|  0%| F|  |TAMS 0x0000000088f00000, 0x0000000088f00000| Untracked 
| 144|0x0000000089000000, 0x0000000089000000, 0x0000000089100000|  0%| F|  |TAMS 0x0000000089000000, 0x0000000089000000| Untracked 
| 145|0x0000000089100000, 0x0000000089118610, 0x0000000089200000|  9%| E|  |TAMS 0x0000000089100000, 0x0000000089100000| Complete 
| 146|0x0000000089200000, 0x0000000089300000, 0x0000000089300000|100%| E|CS|TAMS 0x0000000089200000, 0x0000000089200000| Complete 
| 147|0x0000000089300000, 0x0000000089400000, 0x0000000089400000|100%| E|CS|TAMS 0x0000000089300000, 0x0000000089300000| Complete 
| 148|0x0000000089400000, 0x0000000089500000, 0x0000000089500000|100%| E|CS|TAMS 0x0000000089400000, 0x0000000089400000| Complete 
| 149|0x0000000089500000, 0x0000000089600000, 0x0000000089600000|100%| E|CS|TAMS 0x0000000089500000, 0x0000000089500000| Complete 
| 150|0x0000000089600000, 0x0000000089700000, 0x0000000089700000|100%| E|CS|TAMS 0x0000000089600000, 0x0000000089600000| Complete 
| 151|0x0000000089700000, 0x0000000089800000, 0x0000000089800000|100%| E|CS|TAMS 0x0000000089700000, 0x0000000089700000| Complete 
| 152|0x0000000089800000, 0x0000000089900000, 0x0000000089900000|100%| E|CS|TAMS 0x0000000089800000, 0x0000000089800000| Complete 
| 153|0x0000000089900000, 0x0000000089a00000, 0x0000000089a00000|100%| E|CS|TAMS 0x0000000089900000, 0x0000000089900000| Complete 
| 154|0x0000000089a00000, 0x0000000089b00000, 0x0000000089b00000|100%| E|  |TAMS 0x0000000089a00000, 0x0000000089a00000| Complete 
| 155|0x0000000089b00000, 0x0000000089c00000, 0x0000000089c00000|100%| E|CS|TAMS 0x0000000089b00000, 0x0000000089b00000| Complete 
| 156|0x0000000089c00000, 0x0000000089d00000, 0x0000000089d00000|100%| E|CS|TAMS 0x0000000089c00000, 0x0000000089c00000| Complete 
| 157|0x0000000089d00000, 0x0000000089e00000, 0x0000000089e00000|100%| E|CS|TAMS 0x0000000089d00000, 0x0000000089d00000| Complete 
| 158|0x0000000089e00000, 0x0000000089f00000, 0x0000000089f00000|100%| E|CS|TAMS 0x0000000089e00000, 0x0000000089e00000| Complete 
| 159|0x0000000089f00000, 0x000000008a000000, 0x000000008a000000|100%| E|CS|TAMS 0x0000000089f00000, 0x0000000089f00000| Complete 
| 160|0x000000008a000000, 0x000000008a100000, 0x000000008a100000|100%| E|CS|TAMS 0x000000008a000000, 0x000000008a000000| Complete 
| 161|0x000000008a100000, 0x000000008a200000, 0x000000008a200000|100%| E|CS|TAMS 0x000000008a100000, 0x000000008a100000| Complete 
| 162|0x000000008a200000, 0x000000008a300000, 0x000000008a300000|100%| E|CS|TAMS 0x000000008a200000, 0x000000008a200000| Complete 
| 163|0x000000008a300000, 0x000000008a400000, 0x000000008a400000|100%| E|CS|TAMS 0x000000008a300000, 0x000000008a300000| Complete 
| 164|0x000000008a400000, 0x000000008a500000, 0x000000008a500000|100%| E|CS|TAMS 0x000000008a400000, 0x000000008a400000| Complete 
| 165|0x000000008a500000, 0x000000008a600000, 0x000000008a600000|100%| E|CS|TAMS 0x000000008a500000, 0x000000008a500000| Complete 
| 166|0x000000008a600000, 0x000000008a700000, 0x000000008a700000|100%| E|CS|TAMS 0x000000008a600000, 0x000000008a600000| Complete 
| 167|0x000000008a700000, 0x000000008a800000, 0x000000008a800000|100%| E|CS|TAMS 0x000000008a700000, 0x000000008a700000| Complete 
| 168|0x000000008a800000, 0x000000008a900000, 0x000000008a900000|100%| E|CS|TAMS 0x000000008a800000, 0x000000008a800000| Complete 
| 169|0x000000008a900000, 0x000000008aa00000, 0x000000008aa00000|100%| E|CS|TAMS 0x000000008a900000, 0x000000008a900000| Complete 
| 170|0x000000008aa00000, 0x000000008ab00000, 0x000000008ab00000|100%| E|CS|TAMS 0x000000008aa00000, 0x000000008aa00000| Complete 
| 171|0x000000008ab00000, 0x000000008ac00000, 0x000000008ac00000|100%| E|CS|TAMS 0x000000008ab00000, 0x000000008ab00000| Complete 
| 172|0x000000008ac00000, 0x000000008ad00000, 0x000000008ad00000|100%| E|CS|TAMS 0x000000008ac00000, 0x000000008ac00000| Complete 
| 173|0x000000008ad00000, 0x000000008ae00000, 0x000000008ae00000|100%| E|CS|TAMS 0x000000008ad00000, 0x000000008ad00000| Complete 
| 174|0x000000008ae00000, 0x000000008af00000, 0x000000008af00000|100%| E|CS|TAMS 0x000000008ae00000, 0x000000008ae00000| Complete 
| 175|0x000000008af00000, 0x000000008b000000, 0x000000008b000000|100%| E|CS|TAMS 0x000000008af00000, 0x000000008af00000| Complete 
| 176|0x000000008b000000, 0x000000008b100000, 0x000000008b100000|100%| E|CS|TAMS 0x000000008b000000, 0x000000008b000000| Complete 
| 177|0x000000008b100000, 0x000000008b200000, 0x000000008b200000|100%| E|CS|TAMS 0x000000008b100000, 0x000000008b100000| Complete 
| 178|0x000000008b200000, 0x000000008b300000, 0x000000008b300000|100%| E|CS|TAMS 0x000000008b200000, 0x000000008b200000| Complete 
| 179|0x000000008b300000, 0x000000008b400000, 0x000000008b400000|100%| E|CS|TAMS 0x000000008b300000, 0x000000008b300000| Complete 
| 180|0x000000008b400000, 0x000000008b500000, 0x000000008b500000|100%| E|CS|TAMS 0x000000008b400000, 0x000000008b400000| Complete 
| 181|0x000000008b500000, 0x000000008b600000, 0x000000008b600000|100%| E|CS|TAMS 0x000000008b500000, 0x000000008b500000| Complete 
| 182|0x000000008b600000, 0x000000008b700000, 0x000000008b700000|100%| E|CS|TAMS 0x000000008b600000, 0x000000008b600000| Complete 

Card table byte_map: [0x0000018ca60d0000,0x0000018ca64d0000] _byte_map_base: 0x0000018ca5cd0000

Marking Bits (Prev, Next): (CMBitMap*) 0x0000018c9311eeb8, (CMBitMap*) 0x0000018c9311eef0
 Prev Bits: [0x0000018ca68d0000, 0x0000018ca88d0000)
 Next Bits: [0x0000018ca88d0000, 0x0000018caa8d0000)

Polling page: 0x0000018c928b0000

Metaspace:

Usage:
  Non-class:     69.14 MB capacity,    67.80 MB ( 98%) used,     1.11 MB (  2%) free+waste,   232.06 KB ( <1%) overhead. 
      Class:     10.98 MB capacity,    10.20 MB ( 93%) used,   689.33 KB (  6%) free+waste,   108.25 KB ( <1%) overhead. 
       Both:     80.12 MB capacity,    78.00 MB ( 97%) used,     1.79 MB (  2%) free+waste,   340.31 KB ( <1%) overhead. 

Virtual space:
  Non-class space:       70.00 MB reserved,      69.25 MB ( 99%) committed 
      Class space:        1.00 GB reserved,      11.07 MB (  1%) committed 
             Both:        1.07 GB reserved,      80.32 MB (  7%) committed 

Chunk freelists:
   Non-Class:  46.00 KB
       Class:  0 bytes
        Both:  46.00 KB

MaxMetaspaceSize: 17179869184.00 GB
CompressedClassSpaceSize: 1.00 GB

CodeHeap 'non-profiled nmethods': size=120064Kb used=4774Kb max_used=4774Kb free=115290Kb
 bounds [0x0000018c9e680000, 0x0000018c9eb30000, 0x0000018ca5bc0000]
CodeHeap 'profiled nmethods': size=120000Kb used=17754Kb max_used=17754Kb free=102245Kb
 bounds [0x0000018c97150000, 0x0000018c982b0000, 0x0000018c9e680000]
CodeHeap 'non-nmethods': size=5696Kb used=2273Kb max_used=2324Kb free=3423Kb
 bounds [0x0000018c96bc0000, 0x0000018c96e30000, 0x0000018c97150000]
 total_blobs=9415 nmethods=8546 adapters=780
 compilation: enabled
              stopped_count=0, restarted_count=0
 full_count=0

Compilation events (20 events):
Event: 6.770 Thread 0x0000018cad11c800 8442       3       com.google.common.collect.ImmutableMapEntrySet::<init> (5 bytes)
Event: 6.770 Thread 0x0000018cad11c800 nmethod 8442 0x0000018c98265410 code [0x0000018c982655e0, 0x0000018c98265858]
Event: 6.770 Thread 0x0000018cad11c800 8441       3       com.google.common.collect.ImmutableSortedMap$1EntrySet::<init> (10 bytes)
Event: 6.770 Thread 0x0000018cad11c800 nmethod 8441 0x0000018c98265990 code [0x0000018c98265b60, 0x0000018c98265e98]
Event: 6.770 Thread 0x0000018cad11c800 8443       1       org.gradle.launcher.daemon.protocol.OutputMessage::getEvent (5 bytes)
Event: 6.770 Thread 0x0000018cad11c800 nmethod 8443 0x0000018c9eb16490 code [0x0000018c9eb16640, 0x0000018c9eb166f8]
Event: 6.771 Thread 0x0000018cad118800 nmethod 8428 0x0000018c9eb16790 code [0x0000018c9eb16960, 0x0000018c9eb17218]
Event: 6.772 Thread 0x0000018cad11c800 8444       3       org.gradle.cache.internal.btree.BTreePersistentIndexedCache$IndexBlock::maybeSplit (160 bytes)
Event: 6.773 Thread 0x0000018cad11c800 nmethod 8444 0x0000018c98266010 code [0x0000018c98266380, 0x0000018c98267a68]
Event: 6.773 Thread 0x0000018cad11c800 8445       3       org.gradle.api.internal.artifacts.transform.DefaultTransformerInvocationFactory$ImmutableTransformationWorkspaceIdentity::getUniqueId (54 bytes)
Event: 6.774 Thread 0x0000018cad11c800 nmethod 8445 0x0000018c98268290 code [0x0000018c98268780, 0x0000018c9826aef8]
Event: 6.774 Thread 0x0000018cad11c800 8446       3       org.gradle.cache.internal.btree.BTreePersistentIndexedCache$DataBlock::<init> (31 bytes)
Event: 6.774 Thread 0x0000018cad11c800 nmethod 8446 0x0000018c9826bf10 code [0x0000018c9826c100, 0x0000018c9826c418]
Event: 6.774 Thread 0x0000018cad11c800 8447       3       java.util.LinkedList::pollFirst (19 bytes)
Event: 6.774 Thread 0x0000018cad11c800 nmethod 8447 0x0000018c9826c590 code [0x0000018c9826c740, 0x0000018c9826c8c8]
Event: 6.774 Thread 0x0000018cad11c800 8448       3       org.gradle.internal.classloader.ConfigurableClassLoaderHierarchyHasher$Visitor::visit (14 bytes)
Event: 6.775 Thread 0x0000018cad11c800 nmethod 8448 0x0000018c9826c990 code [0x0000018c9826cb60, 0x0000018c9826cd18]
Event: 6.775 Thread 0x0000018cad11c800 8449       3       org.gradle.internal.classloader.ClassLoaderVisitor::visitSpec (1 bytes)
Event: 6.775 Thread 0x0000018cad11c800 nmethod 8449 0x0000018c9826ce10 code [0x0000018c9826cfc0, 0x0000018c9826d0b8]
Event: 6.783 Thread 0x0000018cadd06000 nmethod 8435 0x0000018c9eb17510 code [0x0000018c9eb176c0, 0x0000018c9eb17f18]

GC Heap History (20 events):
Event: 1.330 GC heap before
{Heap before GC invocations=3 (full 0):
 garbage-first heap   total 129024K, used 30707K [0x0000000080000000, 0x0000000100000000)
  region size 1024K, 23 young (23552K), 7 survivors (7168K)
 Metaspace       used 20547K, capacity 21096K, committed 21248K, reserved 1067008K
  class space    used 2511K, capacity 2690K, committed 2816K, reserved 1048576K
}
Event: 1.333 GC heap after
{Heap after GC invocations=4 (full 0):
 garbage-first heap   total 129024K, used 16698K [0x0000000080000000, 0x0000000100000000)
  region size 1024K, 6 young (6144K), 6 survivors (6144K)
 Metaspace       used 20547K, capacity 21096K, committed 21248K, reserved 1067008K
  class space    used 2511K, capacity 2690K, committed 2816K, reserved 1048576K
}
Event: 1.699 GC heap before
{Heap before GC invocations=5 (full 0):
 garbage-first heap   total 129024K, used 65850K [0x0000000080000000, 0x0000000100000000)
  region size 1024K, 54 young (55296K), 6 survivors (6144K)
 Metaspace       used 25601K, capacity 26268K, committed 26368K, reserved 1073152K
  class space    used 3348K, capacity 3568K, committed 3584K, reserved 1048576K
}
Event: 1.703 GC heap after
{Heap after GC invocations=6 (full 0):
 garbage-first heap   total 155648K, used 18424K [0x0000000080000000, 0x0000000100000000)
  region size 1024K, 3 young (3072K), 3 survivors (3072K)
 Metaspace       used 25601K, capacity 26268K, committed 26368K, reserved 1073152K
  class space    used 3348K, capacity 3568K, committed 3584K, reserved 1048576K
}
Event: 2.242 GC heap before
{Heap before GC invocations=6 (full 0):
 garbage-first heap   total 155648K, used 79864K [0x0000000080000000, 0x0000000100000000)
  region size 1024K, 65 young (66560K), 3 survivors (3072K)
 Metaspace       used 35020K, capacity 35830K, committed 35840K, reserved 1081344K
  class space    used 4543K, capacity 4864K, committed 4864K, reserved 1048576K
}
Event: 2.247 GC heap after
{Heap after GC invocations=7 (full 0):
 garbage-first heap   total 155648K, used 22012K [0x0000000080000000, 0x0000000100000000)
  region size 1024K, 6 young (6144K), 6 survivors (6144K)
 Metaspace       used 35020K, capacity 35830K, committed 35840K, reserved 1081344K
  class space    used 4543K, capacity 4864K, committed 4864K, reserved 1048576K
}
Event: 2.762 GC heap before
{Heap before GC invocations=8 (full 0):
 garbage-first heap   total 155648K, used 99836K [0x0000000080000000, 0x0000000100000000)
  region size 1024K, 80 young (81920K), 6 survivors (6144K)
 Metaspace       used 40642K, capacity 41580K, committed 41804K, reserved 1085440K
  class space    used 5247K, capacity 5597K, committed 5708K, reserved 1048576K
}
Event: 2.769 GC heap after
{Heap after GC invocations=9 (full 0):
 garbage-first heap   total 155648K, used 27342K [0x0000000080000000, 0x0000000100000000)
  region size 1024K, 9 young (9216K), 9 survivors (9216K)
 Metaspace       used 40642K, capacity 41580K, committed 41804K, reserved 1085440K
  class space    used 5247K, capacity 5597K, committed 5708K, reserved 1048576K
}
Event: 3.650 GC heap before
{Heap before GC invocations=9 (full 0):
 garbage-first heap   total 155648K, used 103118K [0x0000000080000000, 0x0000000100000000)
  region size 1024K, 83 young (84992K), 9 survivors (9216K)
 Metaspace       used 46649K, capacity 47909K, committed 48204K, reserved 1091584K
  class space    used 5985K, capacity 6428K, committed 6476K, reserved 1048576K
}
Event: 3.657 GC heap after
{Heap after GC invocations=10 (full 0):
 garbage-first heap   total 155648K, used 29680K [0x0000000080000000, 0x0000000100000000)
  region size 1024K, 8 young (8192K), 8 survivors (8192K)
 Metaspace       used 46649K, capacity 47909K, committed 48204K, reserved 1091584K
  class space    used 5985K, capacity 6428K, committed 6476K, reserved 1048576K
}
Event: 4.333 GC heap before
{Heap before GC invocations=10 (full 0):
 garbage-first heap   total 155648K, used 110576K [0x0000000080000000, 0x0000000100000000)
  region size 1024K, 84 young (86016K), 8 survivors (8192K)
 Metaspace       used 55202K, capacity 56629K, committed 56652K, reserved 1097728K
  class space    used 6998K, capacity 7486K, committed 7500K, reserved 1048576K
}
Event: 4.340 GC heap after
{Heap after GC invocations=11 (full 0):
 garbage-first heap   total 187392K, used 42182K [0x0000000080000000, 0x0000000100000000)
  region size 1024K, 11 young (11264K), 11 survivors (11264K)
 Metaspace       used 55202K, capacity 56629K, committed 56652K, reserved 1097728K
  class space    used 6998K, capacity 7486K, committed 7500K, reserved 1048576K
}
Event: 4.539 GC heap before
{Heap before GC invocations=11 (full 0):
 garbage-first heap   total 187392K, used 63686K [0x0000000080000000, 0x0000000100000000)
  region size 1024K, 33 young (33792K), 11 survivors (11264K)
 Metaspace       used 58601K, capacity 60107K, committed 60236K, reserved 1101824K
  class space    used 7439K, capacity 7981K, committed 8012K, reserved 1048576K
}
Event: 4.549 GC heap after
{Heap after GC invocations=12 (full 0):
 garbage-first heap   total 187392K, used 44680K [0x0000000080000000, 0x0000000100000000)
  region size 1024K, 3 young (3072K), 3 survivors (3072K)
 Metaspace       used 58601K, capacity 60107K, committed 60236K, reserved 1101824K
  class space    used 7439K, capacity 7981K, committed 8012K, reserved 1048576K
}
Event: 4.998 GC heap before
{Heap before GC invocations=13 (full 0):
 garbage-first heap   total 187392K, used 119432K [0x0000000080000000, 0x0000000100000000)
  region size 1024K, 76 young (77824K), 3 survivors (3072K)
 Metaspace       used 63553K, capacity 65179K, committed 65356K, reserved 1105920K
  class space    used 8087K, capacity 8654K, committed 8780K, reserved 1048576K
}
Event: 5.005 GC heap after
{Heap after GC invocations=14 (full 0):
 garbage-first heap   total 187392K, used 50215K [0x0000000080000000, 0x0000000100000000)
  region size 1024K, 8 young (8192K), 8 survivors (8192K)
 Metaspace       used 63553K, capacity 65179K, committed 65356K, reserved 1105920K
  class space    used 8087K, capacity 8654K, committed 8780K, reserved 1048576K
}
Event: 5.583 GC heap before
{Heap before GC invocations=15 (full 0):
 garbage-first heap   total 187392K, used 124967K [0x0000000080000000, 0x0000000100000000)
  region size 1024K, 81 young (82944K), 8 survivors (8192K)
 Metaspace       used 70993K, capacity 72705K, committed 72908K, reserved 1112064K
  class space    used 9221K, capacity 9841K, committed 9932K, reserved 1048576K
}
Event: 5.590 GC heap after
{Heap after GC invocations=16 (full 0):
 garbage-first heap   total 187392K, used 55343K [0x0000000080000000, 0x0000000100000000)
  region size 1024K, 6 young (6144K), 6 survivors (6144K)
 Metaspace       used 70993K, capacity 72705K, committed 72908K, reserved 1112064K
  class space    used 9221K, capacity 9841K, committed 9932K, reserved 1048576K
}
Event: 6.450 GC heap before
{Heap before GC invocations=16 (full 0):
 garbage-first heap   total 187392K, used 130095K [0x0000000080000000, 0x0000000100000000)
  region size 1024K, 80 young (81920K), 6 survivors (6144K)
 Metaspace       used 79257K, capacity 81391K, committed 81740K, reserved 1120256K
  class space    used 10410K, capacity 11214K, committed 11340K, reserved 1048576K
}
Event: 6.457 GC heap after
{Heap after GC invocations=17 (full 0):
 garbage-first heap   total 187392K, used 59553K [0x0000000080000000, 0x0000000100000000)
  region size 1024K, 10 young (10240K), 10 survivors (10240K)
 Metaspace       used 79257K, capacity 81391K, committed 81740K, reserved 1120256K
  class space    used 10410K, capacity 11214K, committed 11340K, reserved 1048576K
}

Deoptimization events (20 events):
Event: 6.656 Thread 0x0000018cb2cd0800 Uncommon trap: trap_request=0xffffff4d fr.pc=0x0000018c9e756114 relative=0x0000000000001314
Event: 6.656 Thread 0x0000018cb2cd0800 Uncommon trap: reason=unstable_if action=reinterpret pc=0x0000018c9e756114 method=java.util.concurrent.ConcurrentHashMap.transfer([Ljava/util/concurrent/ConcurrentHashMap$Node;[Ljava/util/concurrent/ConcurrentHashMap$Node;)V @ 34 c2
Event: 6.656 Thread 0x0000018cb2cd0800 DEOPT PACKING pc=0x0000018c9e756114 sp=0x0000008bc77fd960
Event: 6.656 Thread 0x0000018cb2cd0800 DEOPT UNPACKING pc=0x0000018c96be78af sp=0x0000008bc77fd920 mode 2
Event: 6.659 Thread 0x0000018cb2cd1800 Uncommon trap: trap_request=0xffffff4d fr.pc=0x0000018c9e75602c relative=0x000000000000122c
Event: 6.659 Thread 0x0000018cb2cd1800 Uncommon trap: reason=unstable_if action=reinterpret pc=0x0000018c9e75602c method=java.util.concurrent.ConcurrentHashMap.transfer([Ljava/util/concurrent/ConcurrentHashMap$Node;[Ljava/util/concurrent/ConcurrentHashMap$Node;)V @ 347 c2
Event: 6.660 Thread 0x0000018cb2cd1800 DEOPT PACKING pc=0x0000018c9e75602c sp=0x0000008bc7afdb30
Event: 6.660 Thread 0x0000018cb2cd1800 DEOPT UNPACKING pc=0x0000018c96be78af sp=0x0000008bc7afdac0 mode 2
Event: 6.667 Thread 0x0000018cb0274800 DEOPT PACKING pc=0x0000018c97f9fc44 sp=0x0000008bc6cfee70
Event: 6.667 Thread 0x0000018cb0274800 DEOPT UNPACKING pc=0x0000018c96be76ce sp=0x0000008bc6cfe410 mode 0
Event: 6.674 Thread 0x0000018cb0274800 Uncommon trap: trap_request=0xffffff4d fr.pc=0x0000018c9ead9784 relative=0x0000000000000544
Event: 6.674 Thread 0x0000018cb0274800 Uncommon trap: reason=unstable_if action=reinterpret pc=0x0000018c9ead9784 method=org.gradle.internal.file.DefaultFileHierarchySet$Node.isChildOfOrThis(Ljava/lang/String;I)Z @ 35 c2
Event: 6.674 Thread 0x0000018cb0274800 DEOPT PACKING pc=0x0000018c9ead9784 sp=0x0000008bc6cff030
Event: 6.674 Thread 0x0000018cb0274800 DEOPT UNPACKING pc=0x0000018c96be78af sp=0x0000008bc6cfef98 mode 2
Event: 6.718 Thread 0x0000018cb0274800 Uncommon trap: trap_request=0xffffffde fr.pc=0x0000018c9eaf3ea8 relative=0x00000000000017e8
Event: 6.718 Thread 0x0000018cb0274800 Uncommon trap: reason=class_check action=maybe_recompile pc=0x0000018c9eaf3ea8 method=org.gradle.internal.snapshot.ChildMap$Entry.handleAncestorDescendantOrExactMatch(Lorg/gradle/internal/snapshot/VfsRelativePath;Lorg/gradle/internal/snapshot/CaseSensitiv
Event: 6.718 Thread 0x0000018cb0274800 DEOPT PACKING pc=0x0000018c9eaf3ea8 sp=0x0000008bc6cfe620
Event: 6.718 Thread 0x0000018cb0274800 DEOPT UNPACKING pc=0x0000018c96be78af sp=0x0000008bc6cfe600 mode 2
Event: 6.735 Thread 0x0000018cb2ccf000 DEOPT PACKING pc=0x0000018c97f2ef67 sp=0x0000008bc7cfb0d0
Event: 6.735 Thread 0x0000018cb2ccf000 DEOPT UNPACKING pc=0x0000018c96be76ce sp=0x0000008bc7cfa618 mode 0

Classes redefined (0 events):
No events

Internal exceptions (20 events):
Event: 6.010 Thread 0x0000018cb026f000 Exception <a 'java/lang/NoSuchMethodError'{0x0000000088bb71f0}: <clinit>> (0x0000000088bb71f0) thrown at [./src/hotspot/share/prims/jni.cpp, line 1362]
Event: 6.030 Thread 0x0000018cb4da9000 Exception <a 'java/lang/NoSuchMethodError'{0x00000000889f91a0}: <clinit>> (0x00000000889f91a0) thrown at [./src/hotspot/share/prims/jni.cpp, line 1362]
Event: 6.031 Thread 0x0000018cb4da9000 Exception <a 'java/lang/NoSuchMethodError'{0x000000008880dad0}: <clinit>> (0x000000008880dad0) thrown at [./src/hotspot/share/prims/jni.cpp, line 1362]
Event: 6.032 Thread 0x0000018cb4da9000 Exception <a 'java/lang/NoSuchMethodError'{0x0000000088826d58}: <clinit>> (0x0000000088826d58) thrown at [./src/hotspot/share/prims/jni.cpp, line 1362]
Event: 6.067 Thread 0x0000018cb026f000 Exception <a 'java/lang/NoSuchMethodError'{0x0000000088638590}: <clinit>> (0x0000000088638590) thrown at [./src/hotspot/share/prims/jni.cpp, line 1362]
Event: 6.097 Thread 0x0000018cb4da6800 Exception <a 'java/lang/NoSuchMethodError'{0x00000000886af860}: 'java.lang.Object java.lang.invoke.Invokers$Holder.linkToTargetMethod(java.lang.Object, java.lang.Object, java.lang.Object, int, java.lang.Object, java.lang.Object)'> (0x00000000886af860) thrown at [./src/hotspot/share/interpreter/linkResolver.cpp, line 773]
Event: 6.101 Thread 0x0000018cb4da6800 Exception <a 'java/lang/IncompatibleClassChangeError'{0x00000000885337a0}: Found class java.lang.Object, but interface was expected> (0x00000000885337a0) thrown at [./src/hotspot/share/interpreter/linkResolver.cpp, line 839]
Event: 6.129 Thread 0x0000018cb4da6800 Exception <a 'java/lang/NoSuchMethodError'{0x000000008849fbe0}: 'void java.lang.invoke.DirectMethodHandle$Holder.invokeVirtual(java.lang.Object, java.lang.Object)'> (0x000000008849fbe0) thrown at [./src/hotspot/share/interpreter/linkResolver.cpp, line 773]
Event: 6.247 Thread 0x0000018cb4da6800 Exception <a 'java/lang/NoSuchMethodError'{0x000000008800d0a8}: 'void java.lang.invoke.DirectMethodHandle$Holder.invokeStatic(java.lang.Object, java.lang.Object, java.lang.Object, java.lang.Object, java.lang.Object, java.lang.Object, java.lang.Object)'> (0x000000008800d0a8) thrown at [./src/hotspot/share/interpreter/linkResolver.cpp, line 773]
Event: 6.254 Thread 0x0000018cb026f000 Exception <a 'java/lang/NoSuchMethodError'{0x0000000087f100b0}: <clinit>> (0x0000000087f100b0) thrown at [./src/hotspot/share/prims/jni.cpp, line 1362]
Event: 6.285 Thread 0x0000018cb4da6800 Exception <a 'sun/nio/fs/WindowsException'{0x0000000087e34a98}> (0x0000000087e34a98) thrown at [./src/hotspot/share/prims/jni.cpp, line 615]
Event: 6.285 Thread 0x0000018cb4da6800 Exception <a 'sun/nio/fs/WindowsException'{0x0000000087e35920}> (0x0000000087e35920) thrown at [./src/hotspot/share/prims/jni.cpp, line 615]
Event: 6.302 Thread 0x0000018cb4dac000 Exception <a 'sun/nio/fs/WindowsException'{0x0000000087c82450}> (0x0000000087c82450) thrown at [./src/hotspot/share/prims/jni.cpp, line 615]
Event: 6.416 Thread 0x0000018cb2cce800 Exception <a 'java/lang/NoSuchMethodError'{0x00000000873b2b70}: 'java.lang.Object java.lang.invoke.DirectMethodHandle$Holder.invokeSpecialIFC(java.lang.Object, java.lang.Object, java.lang.Object)'> (0x00000000873b2b70) thrown at [./src/hotspot/share/interpreter/linkResolver.cpp, line 773]
Event: 6.416 Thread 0x0000018cb2cd2800 Exception <a 'java/lang/NoSuchMethodError'{0x00000000873db908}: 'java.lang.Object java.lang.invoke.DirectMethodHandle$Holder.invokeSpecialIFC(java.lang.Object, java.lang.Object, java.lang.Object)'> (0x00000000873db908) thrown at [./src/hotspot/share/interpreter/linkResolver.cpp, line 773]
Event: 6.416 Thread 0x0000018cb2cd0800 Exception <a 'java/lang/NoSuchMethodError'{0x000000008721b180}: 'java.lang.Object java.lang.invoke.DirectMethodHandle$Holder.invokeSpecialIFC(java.lang.Object, java.lang.Object, java.lang.Object)'> (0x000000008721b180) thrown at [./src/hotspot/share/interpreter/linkResolver.cpp, line 773]
Event: 6.416 Thread 0x0000018cb2cd1800 Exception <a 'java/lang/NoSuchMethodError'{0x00000000872099d8}: 'java.lang.Object java.lang.invoke.DirectMethodHandle$Holder.invokeSpecialIFC(java.lang.Object, java.lang.Object, java.lang.Object)'> (0x00000000872099d8) thrown at [./src/hotspot/share/interpreter/linkResolver.cpp, line 773]
Event: 6.416 Thread 0x0000018cb031f800 Exception <a 'java/lang/NoSuchMethodError'{0x000000008745dda8}: 'java.lang.Object java.lang.invoke.DirectMethodHandle$Holder.invokeSpecialIFC(java.lang.Object, java.lang.Object, java.lang.Object)'> (0x000000008745dda8) thrown at [./src/hotspot/share/interpreter/linkResolver.cpp, line 773]
Event: 6.416 Thread 0x0000018cb2ccc800 Exception <a 'java/lang/NoSuchMethodError'{0x00000000873842c8}: 'java.lang.Object java.lang.invoke.DirectMethodHandle$Holder.invokeSpecialIFC(java.lang.Object, java.lang.Object, java.lang.Object)'> (0x00000000873842c8) thrown at [./src/hotspot/share/interpreter/linkResolver.cpp, line 773]
Event: 6.432 Thread 0x0000018cb2cd0800 Exception <a 'java/lang/NoSuchMethodError'{0x0000000087050eb0}: 'int java.lang.invoke.DirectMethodHandle$Holder.invokeStaticInit(java.lang.Object, java.lang.Object, java.lang.Object, java.lang.Object, java.lang.Object)'> (0x0000000087050eb0) thrown at [./src/hotspot/share/interpreter/linkResolver.cpp, line 773]

Events (20 events):
Event: 6.721 loading class org/gradle/api/internal/file/collections/DefaultConfigurableFileCollection$1
Event: 6.721 loading class org/gradle/api/internal/file/collections/DefaultConfigurableFileCollection$1 done
Event: 6.721 loading class org/gradle/api/internal/file/collections/DefaultConfigurableFileCollection$ResolvedItemsCollector
Event: 6.721 loading class org/gradle/api/internal/file/collections/DefaultConfigurableFileCollection$ResolvedItemsCollector done
Event: 6.722 Executing VM operation: RevokeBias
Event: 6.722 Executing VM operation: RevokeBias done
Event: 6.724 Executing VM operation: RevokeBias
Event: 6.724 Executing VM operation: RevokeBias done
Event: 6.724 Executing VM operation: RevokeBias
Event: 6.724 Executing VM operation: RevokeBias done
Event: 6.725 Executing VM operation: RevokeBias
Event: 6.726 Executing VM operation: RevokeBias done
Event: 6.727 Executing VM operation: RevokeBias
Event: 6.727 Executing coalesced safepoint VM operation: BulkRevokeBias
Event: 6.728 Executing coalesced safepoint VM operation: BulkRevokeBias done
Event: 6.728 Executing VM operation: RevokeBias done
Event: 6.732 loading class org/gradle/api/internal/artifacts/transform/TransformOutputsInternal$OutputLocationType
Event: 6.732 loading class org/gradle/api/internal/artifacts/transform/TransformOutputsInternal$OutputLocationType done
Event: 6.762 Executing VM operation: RevokeBias
Event: 6.763 Executing VM operation: RevokeBias done


Dynamic libraries:
0x00007ff7db660000 - 0x00007ff7db66a000 	C:\Android Studio\jre\bin\java.exe
0x00007ffcb82b0000 - 0x00007ffcb849d000 	C:\Windows\SYSTEM32\ntdll.dll
0x00007ffcb7840000 - 0x00007ffcb78f4000 	C:\Windows\System32\KERNEL32.DLL
0x00007ffcb4750000 - 0x00007ffcb49e5000 	C:\Windows\System32\KERNELBASE.dll
0x00007ffcb4450000 - 0x00007ffcb454a000 	C:\Windows\System32\ucrtbase.dll
0x00007ffcae050000 - 0x00007ffcae067000 	C:\Android Studio\jre\bin\VCRUNTIME140.dll
0x00007ffcadf70000 - 0x00007ffcadf89000 	C:\Android Studio\jre\bin\jli.dll
0x00007ffcb7b70000 - 0x00007ffcb7d07000 	C:\Windows\System32\USER32.dll
0x00007ffcb5370000 - 0x00007ffcb5390000 	C:\Windows\System32\win32u.dll
0x00007ffc95bc0000 - 0x00007ffc95e39000 	C:\Windows\WinSxS\amd64_microsoft.windows.common-controls_6595b64144ccf1df_6.0.17763.2213_none_de6ea00a534da176\COMCTL32.dll
0x00007ffcb8060000 - 0x00007ffcb8089000 	C:\Windows\System32\GDI32.dll
0x00007ffcb79b0000 - 0x00007ffcb7a4e000 	C:\Windows\System32\msvcrt.dll
0x00007ffcb4a50000 - 0x00007ffcb4bec000 	C:\Windows\System32\gdi32full.dll
0x00007ffcb6f60000 - 0x00007ffcb728d000 	C:\Windows\System32\combase.dll
0x00007ffcb5390000 - 0x00007ffcb5430000 	C:\Windows\System32\msvcp_win.dll
0x00007ffcb8160000 - 0x00007ffcb827f000 	C:\Windows\System32\RPCRT4.dll
0x00007ffcb43c0000 - 0x00007ffcb4442000 	C:\Windows\System32\bcryptPrimitives.dll
0x00007ffcb6db0000 - 0x00007ffcb6dde000 	C:\Windows\System32\IMM32.DLL
0x00007ffca00b0000 - 0x00007ffca014d000 	C:\Android Studio\jre\bin\msvcp140.dll
0x00007ffc7a540000 - 0x00007ffc7b00f000 	C:\Android Studio\jre\bin\server\jvm.dll
0x00007ffcb7ac0000 - 0x00007ffcb7b64000 	C:\Windows\System32\ADVAPI32.dll
0x00007ffcb7d90000 - 0x00007ffcb7e2e000 	C:\Windows\System32\sechost.dll
0x00007ffcb7290000 - 0x00007ffcb7298000 	C:\Windows\System32\PSAPI.DLL
0x00007ffcb21d0000 - 0x00007ffcb21d9000 	C:\Windows\SYSTEM32\WSOCK32.dll
0x00007ffcb2490000 - 0x00007ffcb24b4000 	C:\Windows\SYSTEM32\WINMM.dll
0x00007ffcaec20000 - 0x00007ffcaec2a000 	C:\Windows\SYSTEM32\VERSION.dll
0x00007ffcb7a50000 - 0x00007ffcb7abd000 	C:\Windows\System32\WS2_32.dll
0x00007ffcb2460000 - 0x00007ffcb248d000 	C:\Windows\SYSTEM32\winmmbase.dll
0x00007ffcb4370000 - 0x00007ffcb43ba000 	C:\Windows\System32\cfgmgr32.dll
0x00007ffcb42c0000 - 0x00007ffcb42d1000 	C:\Windows\System32\kernel.appcore.dll
0x00007ffcafbd0000 - 0x00007ffcafbe1000 	C:\Android Studio\jre\bin\verify.dll
0x00007ffc9d3e0000 - 0x00007ffc9d5cd000 	C:\Windows\SYSTEM32\DBGHELP.DLL
0x00007ffc9d3b0000 - 0x00007ffc9d3da000 	C:\Windows\SYSTEM32\dbgcore.DLL
0x00007ffcaec40000 - 0x00007ffcaec69000 	C:\Android Studio\jre\bin\java.dll
0x00007ffcafbc0000 - 0x00007ffcafbcb000 	C:\Android Studio\jre\bin\jimage.dll
0x00007ffcadbd0000 - 0x00007ffcadbe8000 	C:\Android Studio\jre\bin\zip.dll
0x00007ffcb58b0000 - 0x00007ffcb6da8000 	C:\Windows\System32\SHELL32.dll
0x00007ffcb72b0000 - 0x00007ffcb7358000 	C:\Windows\System32\shcore.dll
0x00007ffcb4c20000 - 0x00007ffcb536a000 	C:\Windows\System32\windows.storage.dll
0x00007ffcb42e0000 - 0x00007ffcb4304000 	C:\Windows\System32\profapi.dll
0x00007ffcb4310000 - 0x00007ffcb436d000 	C:\Windows\System32\powrprof.dll
0x00007ffcb7e90000 - 0x00007ffcb7ee2000 	C:\Windows\System32\shlwapi.dll
0x00007ffcb4730000 - 0x00007ffcb4747000 	C:\Windows\System32\cryptsp.dll
0x00007ffcadbb0000 - 0x00007ffcadbca000 	C:\Android Studio\jre\bin\net.dll
0x00007ffcb0340000 - 0x00007ffcb0431000 	C:\Windows\SYSTEM32\WINHTTP.dll
0x00007ffcb3af0000 - 0x00007ffcb3b57000 	C:\Windows\system32\mswsock.dll
0x00007ffcada90000 - 0x00007ffcadaa4000 	C:\Android Studio\jre\bin\nio.dll
0x00007ffcaf9f0000 - 0x00007ffcafa17000 	C:\Users\spirkin_a\.gradle\native\8bec1ad78214c89d9ad589b4d07fe93259594b29d510b10fafb7a158f7737e5d\windows-amd64\native-platform.dll
0x00007ffc9fe40000 - 0x00007ffc9ff7d000 	C:\Users\spirkin_a\.gradle\native\53dbd7edfb1c66fb8903c78663c9afc45aea4f116125fa6feffd364cf09443e8\windows-amd64\native-platform-file-events.dll
0x00007ffcafb20000 - 0x00007ffcafb2a000 	C:\Android Studio\jre\bin\management.dll
0x00007ffcaf9e0000 - 0x00007ffcaf9ec000 	C:\Android Studio\jre\bin\management_ext.dll
0x00007ffcb3680000 - 0x00007ffcb36b3000 	C:\Windows\system32\rsaenh.dll
0x00007ffcb4bf0000 - 0x00007ffcb4c16000 	C:\Windows\System32\bcrypt.dll
0x00007ffcb41d0000 - 0x00007ffcb41f9000 	C:\Windows\SYSTEM32\USERENV.dll
0x00007ffcb3cc0000 - 0x00007ffcb3ccc000 	C:\Windows\SYSTEM32\CRYPTBASE.dll
0x00007ffcb3810000 - 0x00007ffcb384d000 	C:\Windows\SYSTEM32\IPHLPAPI.DLL
0x00007ffcb54e0000 - 0x00007ffcb54e8000 	C:\Windows\System32\NSI.dll
0x00007ffcae300000 - 0x00007ffcae316000 	C:\Windows\SYSTEM32\dhcpcsvc6.DLL
0x00007ffcae2e0000 - 0x00007ffcae2fc000 	C:\Windows\SYSTEM32\dhcpcsvc.DLL
0x00007ffcb3850000 - 0x00007ffcb3916000 	C:\Windows\SYSTEM32\DNSAPI.dll

dbghelp: loaded successfully - version: 4.0.5 - missing functions: none
symbol engine: initialized successfully - sym options: 0x614 - pdb path: .;C:\Android Studio\jre\bin;C:\Windows\SYSTEM32;C:\Windows\WinSxS\amd64_microsoft.windows.common-controls_6595b64144ccf1df_6.0.17763.2213_none_de6ea00a534da176;C:\Android Studio\jre\bin\server;C:\Users\spirkin_a\.gradle\native\8bec1ad78214c89d9ad589b4d07fe93259594b29d510b10fafb7a158f7737e5d\windows-amd64;C:\Users\spirkin_a\.gradle\native\53dbd7edfb1c66fb8903c78663c9afc45aea4f116125fa6feffd364cf09443e8\windows-amd64

VM Arguments:
jvm_args: --add-opens=java.base/java.util=ALL-UNNAMED --add-opens=java.base/java.lang=ALL-UNNAMED --add-opens=java.base/java.lang.invoke=ALL-UNNAMED --add-opens=java.base/java.util=ALL-UNNAMED --add-opens=java.prefs/java.util.prefs=ALL-UNNAMED --add-opens=java.prefs/java.util.prefs=ALL-UNNAMED --add-opens=java.base/java.nio.charset=ALL-UNNAMED --add-opens=java.base/java.net=ALL-UNNAMED --add-opens=java.base/java.util.concurrent.atomic=ALL-UNNAMED -Xmx2048m -Dfile.encoding=UTF-8 -Duser.country=RU -Duser.language=ru -Duser.variant 
java_command: org.gradle.launcher.daemon.bootstrap.GradleDaemon 7.0.2
java_class_path (initial): C:\Users\spirkin_a\.gradle\wrapper\dists\gradle-7.0.2-bin\857tjihv64xamwrf0h14cai3r\gradle-7.0.2\lib\gradle-launcher-7.0.2.jar
Launcher Type: SUN_STANDARD

[Global flags]
     intx CICompilerCount                          = 3                                         {product} {ergonomic}
     uint ConcGCThreads                            = 2                                         {product} {ergonomic}
     uint G1ConcRefinementThreads                  = 6                                         {product} {ergonomic}
   size_t G1HeapRegionSize                         = 1048576                                   {product} {ergonomic}
    uintx GCDrainStackTargetSize                   = 64                                        {product} {ergonomic}
   size_t InitialHeapSize                          = 132120576                                 {product} {ergonomic}
   size_t MarkStackSize                            = 4194304                                   {product} {ergonomic}
   size_t MaxHeapSize                              = 2147483648                                {product} {command line}
   size_t MaxNewSize                               = 1287651328                                {product} {ergonomic}
   size_t MinHeapDeltaBytes                        = 1048576                                   {product} {ergonomic}
    uintx NonNMethodCodeHeapSize                   = 5830732                                {pd product} {ergonomic}
    uintx NonProfiledCodeHeapSize                  = 122913754                              {pd product} {ergonomic}
    uintx ProfiledCodeHeapSize                     = 122913754                              {pd product} {ergonomic}
    uintx ReservedCodeCacheSize                    = 251658240                              {pd product} {ergonomic}
     bool SegmentedCodeCache                       = true                                      {product} {ergonomic}
     bool UseCompressedClassPointers               = true                                 {lp64_product} {ergonomic}
     bool UseCompressedOops                        = true                                 {lp64_product} {ergonomic}
     bool UseG1GC                                  = true                                      {product} {ergonomic}
     bool UseLargePagesIndividualAllocation        = false                                  {pd product} {ergonomic}

Logging:
Log output configuration:
 #0: stdout all=warning uptime,level,tags
 #1: stderr all=off uptime,level,tags

Environment Variables:
PATH=C:\Program Files (x86)\Embarcadero\Studio\20.0\bin;C:\Users\Public\Documents\Embarcadero\Studio\20.0\Bpl;C:\Program Files (x86)\Embarcadero\Studio\20.0\bin64;C:\Users\Public\Documents\Embarcadero\Studio\20.0\Bpl\Win64;C:\Program Files\Common Files\Oracle\Java\javapath;C:\Program Files (x86)\Common Files\Oracle\Java\javapath;C:\Program Files (x86)\CodeGear\RAD Studio\5.0\bin;C:\Users\Public\Documents\RAD Studio\5.0\Bpl;C:\Python38\Scripts\;C:\Python38\;C:\Windows\system32;C:\Windows;C:\Windows\System32\Wbem;C:\Windows\System32\WindowsPowerShell\v1.0\;C:\Windows\System32\OpenSSH\;C:\Program Files\dotnet\;C:\Program Files\Microsoft SQL Server\130\Tools\Binn\;C:\Program Files\Microsoft SQL Server\Client SDK\ODBC\170\Tools\Binn\;C:\TDM-GCC-64\bin;C:\Program Files (x86)\Microsoft SQL Server\150\DTS\Binn\;C:\Program Files\Azure Data Studio\bin;C:\Program Files\Git\cmd;C:\Program Files (x86)\IVI Foundation\VISA\WinNT\Bin;C:\Program Files\MATLAB\R2009b\bin;C:\Program Files\Microsoft SQL Server\110\Tools\Binn\;C:\Program Files (x86)\dotnet\;C:\Users\spirkin_a\AppData\Local\Microsoft\WindowsApps;
USERNAME=spirkin_a
OS=Windows_NT
PROCESSOR_IDENTIFIER=Intel64 Family 6 Model 158 Stepping 10, GenuineIntel



---------------  S Y S T E M  ---------------

OS: Windows 10 , 64 bit Build 17763 (10.0.17763.2145)
OS uptime: 0 days 3:37 hours

CPU:total 6 (initial active 6) (6 cores per cpu, 1 threads per core) family 6 model 158 stepping 10 microcode 0xde, cmov, cx8, fxsr, mmx, sse, sse2, sse3, ssse3, sse4.1, sse4.2, popcnt, avx, avx2, aes, clmul, erms, rtm, 3dnowpref, lzcnt, tsc, tscinvbit, bmi1, bmi2, adx, fma

Memory: 4k page, system-wide physical 8053M (1953M free)
TotalPageFile size 9333M (AvailPageFile size 1653M)
current process WorkingSet (physical memory assigned to process): 406M, peak: 410M
current process commit charge ("private bytes"): 447M, peak: 452M

vm_info: OpenJDK 64-Bit Server VM (11.0.10+0-b96-7249189) for windows-amd64 JRE (11.0.10+0-b96-7249189), built on Mar 31 2021 21:44:00 by "builder" with MS VC++ 14.0 (VS2015)

END.
